Drill report for /projects/em-lock/eda/em-lock.kicad_pcb
Created on Wed 31 Aug 2016 20:25:02 +07

Copper Layer Stackup:
    =============================================================
    L1 :  F.Cu                      front
    L2 :  B.Cu                      back


Drill file 'em-lock-PTH.drl' contains
    plated through holes:
    =============================================================
    T1  0.40mm  0.016"  (44 holes)
    T2  0.70mm  0.027"  (2 holes)
    T3  0.76mm  0.030"  (4 holes)
    T4  0.80mm  0.031"  (9 holes)  (with 3 slots)
    T5  0.80mm  0.032"  (2 holes)
    T6  0.90mm  0.035"  (4 holes)
    T7  1.00mm  0.039"  (6 holes)
    T8  1.02mm  0.040"  (21 holes)
    T9  1.20mm  0.047"  (4 holes)

    Total plated holes count 96


Drill file 'em-lock-NPTH.drl' contains
    unplated through holes:
    =============================================================
    T1  3.20mm  0.126"  (4 holes)

    Total unplated holes count 4
