This file contains any messages produced by compilers while
running configure, to aid debugging if configure makes a mistake.

It was created by newlib configure 1.18.0, which was
generated by GNU Autoconf 2.63.  Invocation command line was

  $ ../../../.././newlib/libc/configure --disable-option-checking --prefix=/usr/local --with-multisubdir=armv6-m --with-multisrctop= --with-newlib --enable-multilib --with-cross-host=x86_64-unknown-linux-gnu --disable-newlib-supplied-syscalls --program-transform-name=s&^&arm-none-eabi-& --with-target-subdir=arm-none-eabi --build=x86_64-unknown-linux-gnu --host=arm-none-eabi --target=arm-none-eabi build_alias=x86_64-unknown-linux-gnu host_alias=arm-none-eabi target_alias=arm-none-eabi CC=arm-none-eabi-gcc -B/sources/newlib/newlib-1.18.0/arm-none-eabi/newlib/ -isystem /sources/newlib/newlib-1.18.0/arm-none-eabi/newlib/targ-include -isystem /sources/newlib/newlib-1.18.0/newlib/libc/include -B/sources/newlib/newlib-1.18.0/arm-none-eabi/libgloss/arm -L/sources/newlib/newlib-1.18.0/arm-none-eabi/libgloss/libnosys -L/sources/newlib/newlib-1.18.0/libgloss/arm  CFLAGS=-g -O2 LDFLAGS= CPPFLAGS= CC=arm-none-eabi-gcc -B/sources/newlib/newlib-1.18.0/arm-none-eabi/armv6-m/newlib/ -isystem /sources/newlib/newlib-1.18.0/arm-none-eabi/armv6-m/newlib/targ-include -isystem /sources/newlib/newlib-1.18.0/newlib/libc/include -B/sources/newlib/newlib-1.18.0/arm-none-eabi/armv6-m/libgloss/arm -L/sources/newlib/newlib-1.18.0/arm-none-eabi/armv6-m/libgloss/libnosys -L/sources/newlib/newlib-1.18.0/libgloss/arm  -mthumb -march=armv6s-m CXX=arm-none-eabi-c++ -B/sources/newlib/newlib-1.18.0/arm-none-eabi/armv6-m/newlib/ -isystem /sources/newlib/newlib-1.18.0/arm-none-eabi/armv6-m/newlib/targ-include -isystem /sources/newlib/newlib-1.18.0/newlib/libc/include -B/sources/newlib/newlib-1.18.0/arm-none-eabi/armv6-m/libgloss/arm -L/sources/newlib/newlib-1.18.0/arm-none-eabi/armv6-m/libgloss/libnosys -L/sources/newlib/newlib-1.18.0/libgloss/arm  -mthumb -march=armv6s-m F77= -mthumb -march=armv6s-m GCJ=arm-none-eabi-gcj -B/sources/newlib/newlib-1.18.0/arm-none-eabi/armv6-m/newlib/ -isystem /sources/newlib/newlib-1.18.0/arm-none-eabi/armv6-m/newlib/targ-include -isystem /sources/newlib/newlib-1.18.0/newlib/libc/include -B/sources/newlib/newlib-1.18.0/arm-none-eabi/armv6-m/libgloss/arm -L/sources/newlib/newlib-1.18.0/arm-none-eabi/armv6-m/libgloss/libnosys -L/sources/newlib/newlib-1.18.0/libgloss/arm  -mthumb -march=armv6s-m GFORTRAN=arm-none-eabi-gfortran -B/sources/newlib/newlib-1.18.0/arm-none-eabi/armv6-m/newlib/ -isystem /sources/newlib/newlib-1.18.0/arm-none-eabi/armv6-m/newlib/targ-include -isystem /sources/newlib/newlib-1.18.0/newlib/libc/include -B/sources/newlib/newlib-1.18.0/arm-none-eabi/armv6-m/libgloss/arm -L/sources/newlib/newlib-1.18.0/arm-none-eabi/armv6-m/libgloss/libnosys -L/sources/newlib/newlib-1.18.0/libgloss/arm  -mthumb -march=armv6s-m LD_LIBRARY_PATH=/root/GNUstep/Library/Libraries:/usr/lib:/opt/opencascade/lib --cache-file=.././config.cache --srcdir=../../../.././newlib/libc

## --------- ##
## Platform. ##
## --------- ##

hostname = terminal
uname -m = x86_64
uname -r = 4.7.4-1-ARCH
uname -s = Linux
uname -v = #1 SMP PREEMPT Thu Sep 15 15:24:29 CEST 2016

/usr/bin/uname -p = unknown
/bin/uname -X     = unknown

/bin/arch              = unknown
/usr/bin/arch -k       = unknown
/usr/convex/getsysinfo = unknown
/usr/bin/hostinfo      = unknown
/bin/machine           = unknown
/usr/bin/oslevel       = unknown
/bin/universe          = unknown

PATH: /usr/lib/hardening-wrapper/bin
PATH: /root/GNUstep/Tools
PATH: /usr/local/bin
PATH: /usr/bin
PATH: /bin
PATH: /usr/local/sbin
PATH: /usr/sbin
PATH: /sbin
PATH: /opt/android-sdk/platform-tools
PATH: /usr/lib/emscripten
PATH: /usr/lib/jvm/default/bin
PATH: /opt/opencascade/bin
PATH: /usr/bin/site_perl
PATH: /usr/bin/vendor_perl
PATH: /usr/bin/core_perl
PATH: /usr/lib/qt4/bin
PATH: /usr/local/bin
PATH: /usr/bin
PATH: /bin
PATH: /usr/local/sbin
PATH: /usr/sbin
PATH: /sbin
PATH: /usr/bin/core_perl
PATH: /usr/lib/qt4/bin


## ----------- ##
## Core tests. ##
## ----------- ##

configure:2001: loading cache .././config.cache
configure:2159: checking build system type
configure:2177: result: x86_64-unknown-linux-gnu
configure:2215: checking for a BSD-compatible install
configure:2283: result: /usr/bin/install -c
configure:2294: checking whether build environment is sane
configure:2354: result: yes
configure:2403: checking for arm-none-eabi-strip
configure:2430: result: arm-none-eabi-strip
configure:2495: checking for a thread-safe mkdir -p
configure:2534: result: /usr/bin/mkdir -p
configure:2547: checking for gawk
configure:2574: result: gawk
configure:2585: checking whether make sets $(MAKE)
configure:2607: result: yes
configure:2637: checking for style of include used by make
configure:2665: result: GNU
configure:2820: checking host system type
configure:2835: result: arm-none-eabi
configure:2928: checking for gcc
configure:2955: result: arm-none-eabi-gcc -B/sources/newlib/newlib-1.18.0/arm-none-eabi/armv6-m/newlib/ -isystem /sources/newlib/newlib-1.18.0/arm-none-eabi/armv6-m/newlib/targ-include -isystem /sources/newlib/newlib-1.18.0/newlib/libc/include -B/sources/newlib/newlib-1.18.0/arm-none-eabi/armv6-m/libgloss/arm -L/sources/newlib/newlib-1.18.0/arm-none-eabi/armv6-m/libgloss/libnosys -L/sources/newlib/newlib-1.18.0/libgloss/arm  -mthumb -march=armv6s-m
configure:2966: checking dependency style of arm-none-eabi-gcc -B/sources/newlib/newlib-1.18.0/arm-none-eabi/armv6-m/newlib/ -isystem /sources/newlib/newlib-1.18.0/arm-none-eabi/armv6-m/newlib/targ-include -isystem /sources/newlib/newlib-1.18.0/newlib/libc/include -B/sources/newlib/newlib-1.18.0/arm-none-eabi/armv6-m/libgloss/arm -L/sources/newlib/newlib-1.18.0/arm-none-eabi/armv6-m/libgloss/libnosys -L/sources/newlib/newlib-1.18.0/libgloss/arm  -mthumb -march=armv6s-m
configure:3076: result: gcc3
configure:3151: checking whether we are using GNU C
configure:3172: result: yes
configure:3181: checking whether arm-none-eabi-gcc -B/sources/newlib/newlib-1.18.0/arm-none-eabi/armv6-m/newlib/ -isystem /sources/newlib/newlib-1.18.0/arm-none-eabi/armv6-m/newlib/targ-include -isystem /sources/newlib/newlib-1.18.0/newlib/libc/include -B/sources/newlib/newlib-1.18.0/arm-none-eabi/armv6-m/libgloss/arm -L/sources/newlib/newlib-1.18.0/arm-none-eabi/armv6-m/libgloss/libnosys -L/sources/newlib/newlib-1.18.0/libgloss/arm  -mthumb -march=armv6s-m accepts -g
configure:3319: result: no
configure:3352: checking for arm-none-eabi-as
configure:3379: result: arm-none-eabi-as
configure:3444: checking for arm-none-eabi-ar
configure:3471: result: arm-none-eabi-ar
configure:3536: checking for arm-none-eabi-ranlib
configure:3563: result: arm-none-eabi-ranlib
configure:3628: checking for arm-none-eabi-readelf
configure:3655: result: arm-none-eabi-readelf
configure:3732: checking for a BSD-compatible install
configure:3800: result: /usr/bin/install -c
configure:3816: checking whether to enable maintainer-specific portions of Makefiles
configure:3825: result: no
configure:3932: checking for a sed that does not truncate output
configure:3998: result: /usr/bin/sed
configure:12767: checking Checking long double support
configure:12791: result: yes
configure:13102: creating ./config.status

## ---------------------- ##
## Running config.status. ##
## ---------------------- ##

This file was extended by newlib config.status 1.18.0, which was
generated by GNU Autoconf 2.63.  Invocation command line was

  CONFIG_FILES    = 
  CONFIG_HEADERS  = 
  CONFIG_LINKS    = 
  CONFIG_COMMANDS = 
  $ ./config.status 

on terminal

config.status:987: creating Makefile
config.status:987: creating argz/Makefile
config.status:987: creating ctype/Makefile
config.status:987: creating errno/Makefile
config.status:987: creating locale/Makefile
config.status:987: creating misc/Makefile
config.status:987: creating reent/Makefile
config.status:987: creating search/Makefile
config.status:987: creating stdio/Makefile
config.status:987: creating stdio64/Makefile
config.status:987: creating stdlib/Makefile
config.status:987: creating string/Makefile
config.status:987: creating time/Makefile
config.status:987: creating posix/Makefile
config.status:987: creating signal/Makefile
config.status:987: creating syscalls/Makefile
config.status:987: creating unix/Makefile
config.status:987: creating iconv/Makefile
config.status:987: creating iconv/ces/Makefile
config.status:987: creating iconv/ccs/Makefile
config.status:987: creating iconv/ccs/binary/Makefile
config.status:987: creating iconv/lib/Makefile
config.status:1191: executing depfiles commands
configure:15225: === configuring in machine (/sources/newlib/newlib-1.18.0/arm-none-eabi/armv6-m/newlib/libc/machine)
configure:15328: running /bin/sh ../../../../.././newlib/libc/machine/configure --disable-option-checking '--prefix=/usr/local'  '--with-multisubdir=armv6-m' '--with-multisrctop=' '--with-newlib' '--enable-multilib' '--with-cross-host=x86_64-unknown-linux-gnu' '--disable-newlib-supplied-syscalls' '--program-transform-name=s&^&arm-none-eabi-&' '--with-target-subdir=arm-none-eabi' '--build=x86_64-unknown-linux-gnu' '--host=arm-none-eabi' '--target=arm-none-eabi' 'build_alias=x86_64-unknown-linux-gnu' 'host_alias=arm-none-eabi' 'target_alias=arm-none-eabi' 'CC=arm-none-eabi-gcc -B/sources/newlib/newlib-1.18.0/arm-none-eabi/newlib/ -isystem /sources/newlib/newlib-1.18.0/arm-none-eabi/newlib/targ-include -isystem /sources/newlib/newlib-1.18.0/newlib/libc/include -B/sources/newlib/newlib-1.18.0/arm-none-eabi/libgloss/arm -L/sources/newlib/newlib-1.18.0/arm-none-eabi/libgloss/libnosys -L/sources/newlib/newlib-1.18.0/libgloss/arm ' 'CFLAGS=-g -O2' 'LDFLAGS=' 'CPPFLAGS=' 'CC=arm-none-eabi-gcc -B/sources/newlib/newlib-1.18.0/arm-none-eabi/armv6-m/newlib/ -isystem /sources/newlib/newlib-1.18.0/arm-none-eabi/armv6-m/newlib/targ-include -isystem /sources/newlib/newlib-1.18.0/newlib/libc/include -B/sources/newlib/newlib-1.18.0/arm-none-eabi/armv6-m/libgloss/arm -L/sources/newlib/newlib-1.18.0/arm-none-eabi/armv6-m/libgloss/libnosys -L/sources/newlib/newlib-1.18.0/libgloss/arm  -mthumb -march=armv6s-m' 'CXX=arm-none-eabi-c++ -B/sources/newlib/newlib-1.18.0/arm-none-eabi/armv6-m/newlib/ -isystem /sources/newlib/newlib-1.18.0/arm-none-eabi/armv6-m/newlib/targ-include -isystem /sources/newlib/newlib-1.18.0/newlib/libc/include -B/sources/newlib/newlib-1.18.0/arm-none-eabi/armv6-m/libgloss/arm -L/sources/newlib/newlib-1.18.0/arm-none-eabi/armv6-m/libgloss/libnosys -L/sources/newlib/newlib-1.18.0/libgloss/arm  -mthumb -march=armv6s-m' 'F77= -mthumb -march=armv6s-m' 'GCJ=arm-none-eabi-gcj -B/sources/newlib/newlib-1.18.0/arm-none-eabi/armv6-m/newlib/ -isystem /sources/newlib/newlib-1.18.0/arm-none-eabi/armv6-m/newlib/targ-include -isystem /sources/newlib/newlib-1.18.0/newlib/libc/include -B/sources/newlib/newlib-1.18.0/arm-none-eabi/armv6-m/libgloss/arm -L/sources/newlib/newlib-1.18.0/arm-none-eabi/armv6-m/libgloss/libnosys -L/sources/newlib/newlib-1.18.0/libgloss/arm  -mthumb -march=armv6s-m' 'GFORTRAN=arm-none-eabi-gfortran -B/sources/newlib/newlib-1.18.0/arm-none-eabi/armv6-m/newlib/ -isystem /sources/newlib/newlib-1.18.0/arm-none-eabi/armv6-m/newlib/targ-include -isystem /sources/newlib/newlib-1.18.0/newlib/libc/include -B/sources/newlib/newlib-1.18.0/arm-none-eabi/armv6-m/libgloss/arm -L/sources/newlib/newlib-1.18.0/arm-none-eabi/armv6-m/libgloss/libnosys -L/sources/newlib/newlib-1.18.0/libgloss/arm  -mthumb -march=armv6s-m' 'LD_LIBRARY_PATH=/root/GNUstep/Library/Libraries:/usr/lib:/opt/opencascade/lib' --cache-file=../.././config.cache --srcdir=../../../../.././newlib/libc/machine
configure:15225: === configuring in sys (/sources/newlib/newlib-1.18.0/arm-none-eabi/armv6-m/newlib/libc/sys)
configure:15328: running /bin/sh ../../../../.././newlib/libc/sys/configure --disable-option-checking '--prefix=/usr/local'  '--with-multisubdir=armv6-m' '--with-multisrctop=' '--with-newlib' '--enable-multilib' '--with-cross-host=x86_64-unknown-linux-gnu' '--disable-newlib-supplied-syscalls' '--program-transform-name=s&^&arm-none-eabi-&' '--with-target-subdir=arm-none-eabi' '--build=x86_64-unknown-linux-gnu' '--host=arm-none-eabi' '--target=arm-none-eabi' 'build_alias=x86_64-unknown-linux-gnu' 'host_alias=arm-none-eabi' 'target_alias=arm-none-eabi' 'CC=arm-none-eabi-gcc -B/sources/newlib/newlib-1.18.0/arm-none-eabi/newlib/ -isystem /sources/newlib/newlib-1.18.0/arm-none-eabi/newlib/targ-include -isystem /sources/newlib/newlib-1.18.0/newlib/libc/include -B/sources/newlib/newlib-1.18.0/arm-none-eabi/libgloss/arm -L/sources/newlib/newlib-1.18.0/arm-none-eabi/libgloss/libnosys -L/sources/newlib/newlib-1.18.0/libgloss/arm ' 'CFLAGS=-g -O2' 'LDFLAGS=' 'CPPFLAGS=' 'CC=arm-none-eabi-gcc -B/sources/newlib/newlib-1.18.0/arm-none-eabi/armv6-m/newlib/ -isystem /sources/newlib/newlib-1.18.0/arm-none-eabi/armv6-m/newlib/targ-include -isystem /sources/newlib/newlib-1.18.0/newlib/libc/include -B/sources/newlib/newlib-1.18.0/arm-none-eabi/armv6-m/libgloss/arm -L/sources/newlib/newlib-1.18.0/arm-none-eabi/armv6-m/libgloss/libnosys -L/sources/newlib/newlib-1.18.0/libgloss/arm  -mthumb -march=armv6s-m' 'CXX=arm-none-eabi-c++ -B/sources/newlib/newlib-1.18.0/arm-none-eabi/armv6-m/newlib/ -isystem /sources/newlib/newlib-1.18.0/arm-none-eabi/armv6-m/newlib/targ-include -isystem /sources/newlib/newlib-1.18.0/newlib/libc/include -B/sources/newlib/newlib-1.18.0/arm-none-eabi/armv6-m/libgloss/arm -L/sources/newlib/newlib-1.18.0/arm-none-eabi/armv6-m/libgloss/libnosys -L/sources/newlib/newlib-1.18.0/libgloss/arm  -mthumb -march=armv6s-m' 'F77= -mthumb -march=armv6s-m' 'GCJ=arm-none-eabi-gcj -B/sources/newlib/newlib-1.18.0/arm-none-eabi/armv6-m/newlib/ -isystem /sources/newlib/newlib-1.18.0/arm-none-eabi/armv6-m/newlib/targ-include -isystem /sources/newlib/newlib-1.18.0/newlib/libc/include -B/sources/newlib/newlib-1.18.0/arm-none-eabi/armv6-m/libgloss/arm -L/sources/newlib/newlib-1.18.0/arm-none-eabi/armv6-m/libgloss/libnosys -L/sources/newlib/newlib-1.18.0/libgloss/arm  -mthumb -march=armv6s-m' 'GFORTRAN=arm-none-eabi-gfortran -B/sources/newlib/newlib-1.18.0/arm-none-eabi/armv6-m/newlib/ -isystem /sources/newlib/newlib-1.18.0/arm-none-eabi/armv6-m/newlib/targ-include -isystem /sources/newlib/newlib-1.18.0/newlib/libc/include -B/sources/newlib/newlib-1.18.0/arm-none-eabi/armv6-m/libgloss/arm -L/sources/newlib/newlib-1.18.0/arm-none-eabi/armv6-m/libgloss/libnosys -L/sources/newlib/newlib-1.18.0/libgloss/arm  -mthumb -march=armv6s-m' 'LD_LIBRARY_PATH=/root/GNUstep/Library/Libraries:/usr/lib:/opt/opencascade/lib' --cache-file=../.././config.cache --srcdir=../../../../.././newlib/libc/sys

## ---------------- ##
## Cache variables. ##
## ---------------- ##

ac_cv_build=x86_64-unknown-linux-gnu
ac_cv_c_compiler_gnu=yes
ac_cv_env_CCASFLAGS_set=
ac_cv_env_CCASFLAGS_value=
ac_cv_env_CCAS_set=
ac_cv_env_CCAS_value=
ac_cv_env_CC_set=set
ac_cv_env_CC_value='arm-none-eabi-gcc -B/sources/newlib/newlib-1.18.0/arm-none-eabi/armv6-m/newlib/ -isystem /sources/newlib/newlib-1.18.0/arm-none-eabi/armv6-m/newlib/targ-include -isystem /sources/newlib/newlib-1.18.0/newlib/libc/include -B/sources/newlib/newlib-1.18.0/arm-none-eabi/armv6-m/libgloss/arm -L/sources/newlib/newlib-1.18.0/arm-none-eabi/armv6-m/libgloss/libnosys -L/sources/newlib/newlib-1.18.0/libgloss/arm  -mthumb -march=armv6s-m'
ac_cv_env_CFLAGS_set=set
ac_cv_env_CFLAGS_value='-g -O2'
ac_cv_env_CPPFLAGS_set=set
ac_cv_env_CPPFLAGS_value=
ac_cv_env_CPP_set=
ac_cv_env_CPP_value=
ac_cv_env_LDFLAGS_set=set
ac_cv_env_LDFLAGS_value=
ac_cv_env_LIBS_set=
ac_cv_env_LIBS_value=
ac_cv_env_build_alias_set=set
ac_cv_env_build_alias_value=x86_64-unknown-linux-gnu
ac_cv_env_host_alias_set=set
ac_cv_env_host_alias_value=arm-none-eabi
ac_cv_env_target_alias_set=set
ac_cv_env_target_alias_value=arm-none-eabi
ac_cv_host=arm-none-eabi
ac_cv_path_SED=/usr/bin/sed
ac_cv_path_mkdir=/usr/bin/mkdir
ac_cv_prog_AR=arm-none-eabi-ar
ac_cv_prog_AS=arm-none-eabi-as
ac_cv_prog_AWK=gawk
ac_cv_prog_CC='arm-none-eabi-gcc -B/sources/newlib/newlib-1.18.0/arm-none-eabi/armv6-m/newlib/ -isystem /sources/newlib/newlib-1.18.0/arm-none-eabi/armv6-m/newlib/targ-include -isystem /sources/newlib/newlib-1.18.0/newlib/libc/include -B/sources/newlib/newlib-1.18.0/arm-none-eabi/armv6-m/libgloss/arm -L/sources/newlib/newlib-1.18.0/arm-none-eabi/armv6-m/libgloss/libnosys -L/sources/newlib/newlib-1.18.0/libgloss/arm  -mthumb -march=armv6s-m'
ac_cv_prog_RANLIB=arm-none-eabi-ranlib
ac_cv_prog_READELF=arm-none-eabi-readelf
ac_cv_prog_STRIP=arm-none-eabi-strip
ac_cv_prog_cc_g=no
ac_cv_prog_make_make_set=yes
acnewlib_cv_type_long_double=yes
am_cv_CC_dependencies_compiler_type=gcc3
libc_cv_initfinit_array=yes
newlib_cv_ldbl_eq_dbl=yes

## ----------------- ##
## Output variables. ##
## ----------------- ##

ACLOCAL='${SHELL} /sources/newlib/newlib-1.18.0/missing --run aclocal-1.11'
AMDEPBACKSLASH='\'
AMDEP_FALSE='#'
AMDEP_TRUE=''
AMTAR='${SHELL} /sources/newlib/newlib-1.18.0/missing --run tar'
AR='arm-none-eabi-ar'
AS='arm-none-eabi-as'
AUTOCONF='${SHELL} /sources/newlib/newlib-1.18.0/missing --run autoconf'
AUTOHEADER='${SHELL} /sources/newlib/newlib-1.18.0/missing --run autoheader'
AUTOMAKE='${SHELL} /sources/newlib/newlib-1.18.0/missing --run automake-1.11'
AWK='gawk'
CC='arm-none-eabi-gcc -B/sources/newlib/newlib-1.18.0/arm-none-eabi/armv6-m/newlib/ -isystem /sources/newlib/newlib-1.18.0/arm-none-eabi/armv6-m/newlib/targ-include -isystem /sources/newlib/newlib-1.18.0/newlib/libc/include -B/sources/newlib/newlib-1.18.0/arm-none-eabi/armv6-m/libgloss/arm -L/sources/newlib/newlib-1.18.0/arm-none-eabi/armv6-m/libgloss/libnosys -L/sources/newlib/newlib-1.18.0/libgloss/arm  -mthumb -march=armv6s-m'
CCAS='arm-none-eabi-gcc -B/sources/newlib/newlib-1.18.0/arm-none-eabi/armv6-m/newlib/ -isystem /sources/newlib/newlib-1.18.0/arm-none-eabi/armv6-m/newlib/targ-include -isystem /sources/newlib/newlib-1.18.0/newlib/libc/include -B/sources/newlib/newlib-1.18.0/arm-none-eabi/armv6-m/libgloss/arm -L/sources/newlib/newlib-1.18.0/arm-none-eabi/armv6-m/libgloss/libnosys -L/sources/newlib/newlib-1.18.0/libgloss/arm  -mthumb -march=armv6s-m'
CCASFLAGS='-g -O2'
CCDEPMODE='depmode=gcc3'
CFLAGS='-g -O2'
CPP=''
CPPFLAGS=''
CRT0=''
CYGPATH_W='echo'
DEFS='-DPACKAGE_NAME=\"newlib\" -DPACKAGE_TARNAME=\"newlib\" -DPACKAGE_VERSION=\"1.18.0\" -DPACKAGE_STRING=\"newlib\ 1.18.0\" -DPACKAGE_BUGREPORT=\"\"'
DEPDIR='.deps'
DLLTOOL='arm-none-eabi-dlltool'
DSYMUTIL=''
DUMPBIN=''
ECHO_C=''
ECHO_N='-n'
ECHO_T=''
EGREP=''
ELIX_LEVEL_0_FALSE='#'
ELIX_LEVEL_0_TRUE=''
ELIX_LEVEL_1_FALSE=''
ELIX_LEVEL_1_TRUE='#'
ELIX_LEVEL_2_FALSE=''
ELIX_LEVEL_2_TRUE='#'
ELIX_LEVEL_3_FALSE=''
ELIX_LEVEL_3_TRUE='#'
ELIX_LEVEL_4_FALSE=''
ELIX_LEVEL_4_TRUE='#'
ENABLE_NEWLIB_ICONV_FALSE=''
ENABLE_NEWLIB_ICONV_TRUE='#'
EXEEXT=''
FGREP=''
GREP=''
HAVE_LONG_DOUBLE_FALSE='#'
HAVE_LONG_DOUBLE_TRUE=''
HAVE_POSIX_DIR_FALSE=''
HAVE_POSIX_DIR_TRUE='#'
HAVE_SIGNAL_DIR_FALSE='#'
HAVE_SIGNAL_DIR_TRUE=''
HAVE_STDIO64_DIR_FALSE=''
HAVE_STDIO64_DIR_TRUE='#'
HAVE_STDIO_DIR_FALSE='#'
HAVE_STDIO_DIR_TRUE=''
HAVE_SYSCALL_DIR_FALSE='#'
HAVE_SYSCALL_DIR_TRUE=''
HAVE_UNIX_DIR_FALSE=''
HAVE_UNIX_DIR_TRUE='#'
INSTALL_DATA='/usr/bin/install -c -m 644'
INSTALL_PROGRAM='/usr/bin/install -c'
INSTALL_SCRIPT='/usr/bin/install -c'
INSTALL_STRIP_PROGRAM='$(install_sh) -c -s'
LD='arm-none-eabi-ld'
LDFLAGS=''
LIBC_EXTRA_DEF=''
LIBC_EXTRA_LIB=''
LIBC_MACHINE_LIB='machine/lib.a'
LIBC_POSIX_LIB=''
LIBC_SIGNAL_DEF='signal/stmp-def'
LIBC_SIGNAL_LIB='signal/lib.a'
LIBC_STDIO64_DEF=''
LIBC_STDIO64_LIB=''
LIBC_STDIO_DEF='stdio/stmp-def'
LIBC_STDIO_LIB='stdio/lib.a'
LIBC_SYSCALL_LIB='syscalls/lib.a'
LIBC_SYS_LIB='sys/lib.a'
LIBC_UNIX_LIB=''
LIBOBJS=''
LIBS=''
LIBTOOL=''
LIPO='arm-none-eabi-lipo'
LN_S=''
LTLIBOBJS=''
MAINT='#'
MAINTAINER_MODE_FALSE=''
MAINTAINER_MODE_TRUE='#'
MAKEINFO='makeinfo --split-size=5000000'
MAY_SUPPLY_SYSCALLS_FALSE=''
MAY_SUPPLY_SYSCALLS_TRUE='#'
MKDIR_P='/usr/bin/mkdir -p'
NEWLIB_CFLAGS=' -D__NO_SYSCALLS__ -fno-builtin'
NM='arm-none-eabi-nm'
NMEDIT=''
OBJDUMP='arm-none-eabi-objdump'
OBJEXT='o'
OTOOL64=''
OTOOL=''
PACKAGE='newlib'
PACKAGE_BUGREPORT=''
PACKAGE_NAME='newlib'
PACKAGE_STRING='newlib 1.18.0'
PACKAGE_TARNAME='newlib'
PACKAGE_VERSION='1.18.0'
PATH_SEPARATOR=':'
RANLIB='arm-none-eabi-ranlib'
READELF='arm-none-eabi-readelf'
SED='/usr/bin/sed'
SET_MAKE=''
SHELL='/bin/sh'
STRIP='arm-none-eabi-strip'
USE_LIBTOOL_FALSE=''
USE_LIBTOOL_TRUE='#'
VERSION='1.18.0'
ac_ct_CC=''
ac_ct_DUMPBIN=''
aext='a'
am__EXEEXT_FALSE=''
am__EXEEXT_TRUE='#'
am__fastdepCC_FALSE='#'
am__fastdepCC_TRUE=''
am__include='include'
am__isrc=' -I$(srcdir)'
am__leading_dot='.'
am__quote=''
am__tar='${AMTAR} chof - "$$tardir"'
am__untar='${AMTAR} xf -'
bindir='${exec_prefix}/bin'
build='x86_64-unknown-linux-gnu'
build_alias='x86_64-unknown-linux-gnu'
build_cpu='x86_64'
build_os='linux-gnu'
build_vendor='unknown'
datadir='${datarootdir}'
datarootdir='${prefix}/share'
docdir='${datarootdir}/doc/${PACKAGE_TARNAME}'
dvidir='${docdir}'
exec_prefix='${prefix}'
extra_dir=''
host='arm-none-eabi'
host_alias='arm-none-eabi'
host_cpu='arm'
host_os='eabi'
host_vendor='none'
htmldir='${docdir}'
includedir='${prefix}/include'
infodir='${datarootdir}/info'
install_sh='${SHELL} /sources/newlib/newlib-1.18.0/install-sh'
libdir='${exec_prefix}/lib'
libexecdir='${exec_prefix}/libexec'
libm_machine_dir=''
localedir='${datarootdir}/locale'
localstatedir='${prefix}/var'
lpfx='lib_a-'
lt_ECHO='echo'
machine_dir='arm'
mandir='${datarootdir}/man'
mkdir_p='/usr/bin/mkdir -p'
newlib_basedir='../../../.././newlib/libc/..'
oext='o'
oldincludedir='/usr/include'
pdfdir='${docdir}'
prefix='/usr/local'
program_transform_name='s&^&arm-none-eabi-&'
psdir='${docdir}'
sbindir='${exec_prefix}/sbin'
sharedstatedir='${prefix}/com'
subdirs=' machine sys'
sys_dir='arm'
sysconfdir='${prefix}/etc'
target_alias='arm-none-eabi'

## ----------- ##
## confdefs.h. ##
## ----------- ##

#define PACKAGE_NAME "newlib"
#define PACKAGE_TARNAME "newlib"
#define PACKAGE_VERSION "1.18.0"
#define PACKAGE_STRING "newlib 1.18.0"
#define PACKAGE_BUGREPORT ""

configure: exit 0
