This file contains any messages produced by compilers while
running configure, to aid debugging if configure makes a mistake.

It was created by configure, which was
generated by GNU Autoconf 2.61.  Invocation command line was

  $ ../../../../.././libgloss/arm/configure --disable-option-checking --prefix=/usr/local --with-multisubdir=armv7-ar/thumb --with-multisrctop= --with-newlib --enable-multilib --with-cross-host=x86_64-unknown-linux-gnu --disable-newlib-supplied-syscalls --program-transform-name=s&^&arm-none-eabi-& --with-target-subdir=arm-none-eabi --build=x86_64-unknown-linux-gnu --host=arm-none-eabi --target=arm-none-eabi build_alias=x86_64-unknown-linux-gnu host_alias=arm-none-eabi target_alias=arm-none-eabi CC=arm-none-eabi-gcc -B/sources/newlib/newlib-1.18.0/arm-none-eabi/armv7-ar/thumb/newlib/ -isystem /sources/newlib/newlib-1.18.0/arm-none-eabi/armv7-ar/thumb/newlib/targ-include -isystem /sources/newlib/newlib-1.18.0/newlib/libc/include -B/sources/newlib/newlib-1.18.0/arm-none-eabi/armv7-ar/thumb/libgloss/arm -L/sources/newlib/newlib-1.18.0/arm-none-eabi/armv7-ar/thumb/libgloss/libnosys -L/sources/newlib/newlib-1.18.0/libgloss/arm  -mthumb -march=armv7 CXX=arm-none-eabi-c++ -B/sources/newlib/newlib-1.18.0/arm-none-eabi/armv7-ar/thumb/newlib/ -isystem /sources/newlib/newlib-1.18.0/arm-none-eabi/armv7-ar/thumb/newlib/targ-include -isystem /sources/newlib/newlib-1.18.0/newlib/libc/include -B/sources/newlib/newlib-1.18.0/arm-none-eabi/armv7-ar/thumb/libgloss/arm -L/sources/newlib/newlib-1.18.0/arm-none-eabi/armv7-ar/thumb/libgloss/libnosys -L/sources/newlib/newlib-1.18.0/libgloss/arm  -mthumb -march=armv7 F77= -mthumb -march=armv7 GCJ=arm-none-eabi-gcj -B/sources/newlib/newlib-1.18.0/arm-none-eabi/armv7-ar/thumb/newlib/ -isystem /sources/newlib/newlib-1.18.0/arm-none-eabi/armv7-ar/thumb/newlib/targ-include -isystem /sources/newlib/newlib-1.18.0/newlib/libc/include -B/sources/newlib/newlib-1.18.0/arm-none-eabi/armv7-ar/thumb/libgloss/arm -L/sources/newlib/newlib-1.18.0/arm-none-eabi/armv7-ar/thumb/libgloss/libnosys -L/sources/newlib/newlib-1.18.0/libgloss/arm  -mthumb -march=armv7 GFORTRAN=arm-none-eabi-gfortran -B/sources/newlib/newlib-1.18.0/arm-none-eabi/armv7-ar/thumb/newlib/ -isystem /sources/newlib/newlib-1.18.0/arm-none-eabi/armv7-ar/thumb/newlib/targ-include -isystem /sources/newlib/newlib-1.18.0/newlib/libc/include -B/sources/newlib/newlib-1.18.0/arm-none-eabi/armv7-ar/thumb/libgloss/arm -L/sources/newlib/newlib-1.18.0/arm-none-eabi/armv7-ar/thumb/libgloss/libnosys -L/sources/newlib/newlib-1.18.0/libgloss/arm  -mthumb -march=armv7 LD_LIBRARY_PATH=/root/GNUstep/Library/Libraries:/usr/lib:/opt/opencascade/lib --cache-file=.././config.cache --srcdir=../../../../.././libgloss/arm

## --------- ##
## Platform. ##
## --------- ##

hostname = terminal
uname -m = x86_64
uname -r = 4.7.4-1-ARCH
uname -s = Linux
uname -v = #1 SMP PREEMPT Thu Sep 15 15:24:29 CEST 2016

/usr/bin/uname -p = unknown
/bin/uname -X     = unknown

/bin/arch              = unknown
/usr/bin/arch -k       = unknown
/usr/convex/getsysinfo = unknown
/usr/bin/hostinfo      = unknown
/bin/machine           = unknown
/usr/bin/oslevel       = unknown
/bin/universe          = unknown

PATH: /usr/lib/hardening-wrapper/bin
PATH: /root/GNUstep/Tools
PATH: /usr/local/bin
PATH: /usr/bin
PATH: /bin
PATH: /usr/local/sbin
PATH: /usr/sbin
PATH: /sbin
PATH: /opt/android-sdk/platform-tools
PATH: /usr/lib/emscripten
PATH: /usr/lib/jvm/default/bin
PATH: /opt/opencascade/bin
PATH: /usr/bin/site_perl
PATH: /usr/bin/vendor_perl
PATH: /usr/bin/core_perl
PATH: /usr/lib/qt4/bin
PATH: /usr/local/bin
PATH: /usr/bin
PATH: /bin
PATH: /usr/local/sbin
PATH: /usr/sbin
PATH: /sbin
PATH: /usr/bin/core_perl
PATH: /usr/lib/qt4/bin


## ----------- ##
## Core tests. ##
## ----------- ##

configure:1584: loading cache .././config.cache
configure:1741: checking build system type
configure:1759: result: x86_64-unknown-linux-gnu
configure:1781: checking host system type
configure:1796: result: arm-none-eabi
configure:1818: checking target system type
configure:1833: result: arm-none-eabi
configure:1888: checking for a BSD-compatible install
configure:1944: result: /usr/bin/install -c
configure:1977: checking for style of include used by make
configure:2005: result: GNU
configure:2032: checking for gcc
configure:2059: result: arm-none-eabi-gcc -B/sources/newlib/newlib-1.18.0/arm-none-eabi/armv7-ar/thumb/newlib/ -isystem /sources/newlib/newlib-1.18.0/arm-none-eabi/armv7-ar/thumb/newlib/targ-include -isystem /sources/newlib/newlib-1.18.0/newlib/libc/include -B/sources/newlib/newlib-1.18.0/arm-none-eabi/armv7-ar/thumb/libgloss/arm -L/sources/newlib/newlib-1.18.0/arm-none-eabi/armv7-ar/thumb/libgloss/libnosys -L/sources/newlib/newlib-1.18.0/libgloss/arm  -mthumb -march=armv7
configure:2070: checking dependency style of arm-none-eabi-gcc -B/sources/newlib/newlib-1.18.0/arm-none-eabi/armv7-ar/thumb/newlib/ -isystem /sources/newlib/newlib-1.18.0/arm-none-eabi/armv7-ar/thumb/newlib/targ-include -isystem /sources/newlib/newlib-1.18.0/newlib/libc/include -B/sources/newlib/newlib-1.18.0/arm-none-eabi/armv7-ar/thumb/libgloss/arm -L/sources/newlib/newlib-1.18.0/arm-none-eabi/armv7-ar/thumb/libgloss/libnosys -L/sources/newlib/newlib-1.18.0/libgloss/arm  -mthumb -march=armv7
configure:2160: result: gcc3
configure:2237: checking whether we are using GNU C
configure:2258: result: yes
configure:2268: checking whether arm-none-eabi-gcc -B/sources/newlib/newlib-1.18.0/arm-none-eabi/armv7-ar/thumb/newlib/ -isystem /sources/newlib/newlib-1.18.0/arm-none-eabi/armv7-ar/thumb/newlib/targ-include -isystem /sources/newlib/newlib-1.18.0/newlib/libc/include -B/sources/newlib/newlib-1.18.0/arm-none-eabi/armv7-ar/thumb/libgloss/arm -L/sources/newlib/newlib-1.18.0/arm-none-eabi/armv7-ar/thumb/libgloss/libnosys -L/sources/newlib/newlib-1.18.0/libgloss/arm  -mthumb -march=armv7 accepts -g
configure:2403: result: no
configure:2441: checking for arm-none-eabi-ranlib
configure:2468: result: arm-none-eabi-ranlib
configure:2705: creating ./config.status

## ---------------------- ##
## Running config.status. ##
## ---------------------- ##

This file was extended by config.status, which was
generated by GNU Autoconf 2.61.  Invocation command line was

  CONFIG_FILES    = 
  CONFIG_HEADERS  = 
  CONFIG_LINKS    = 
  CONFIG_COMMANDS = 
  $ ./config.status 

on terminal

config.status:623: creating Makefile
config.status:801: executing depfiles commands

## ---------------- ##
## Cache variables. ##
## ---------------- ##

ac_cv_build=x86_64-unknown-linux-gnu
ac_cv_c_compiler_gnu=yes
ac_cv_env_CCASFLAGS_set=
ac_cv_env_CCASFLAGS_value=
ac_cv_env_CCAS_set=
ac_cv_env_CCAS_value=
ac_cv_env_build_alias_set=set
ac_cv_env_build_alias_value=x86_64-unknown-linux-gnu
ac_cv_env_host_alias_set=set
ac_cv_env_host_alias_value=arm-none-eabi
ac_cv_env_target_alias_set=set
ac_cv_env_target_alias_value=arm-none-eabi
ac_cv_host=arm-none-eabi
ac_cv_prog_AR=arm-none-eabi-ar
ac_cv_prog_AWK=gawk
ac_cv_prog_CC='arm-none-eabi-gcc -B/sources/newlib/newlib-1.18.0/arm-none-eabi/armv7-ar/thumb/newlib/ -isystem /sources/newlib/newlib-1.18.0/arm-none-eabi/armv7-ar/thumb/newlib/targ-include -isystem /sources/newlib/newlib-1.18.0/newlib/libc/include -B/sources/newlib/newlib-1.18.0/arm-none-eabi/armv7-ar/thumb/libgloss/arm -L/sources/newlib/newlib-1.18.0/arm-none-eabi/armv7-ar/thumb/libgloss/libnosys -L/sources/newlib/newlib-1.18.0/libgloss/arm  -mthumb -march=armv7'
ac_cv_prog_RANLIB=arm-none-eabi-ranlib
ac_cv_prog_STRIP=arm-none-eabi-strip
ac_cv_prog_cc_g=no
ac_cv_prog_make_make_set=yes
ac_cv_target=arm-none-eabi
am_cv_CC_dependencies_compiler_type=gcc3

## ----------------- ##
## Output variables. ##
## ----------------- ##

AMDEPBACKSLASH='\'
AMDEP_FALSE='#'
AMDEP_TRUE=''
AR='arm-none-eabi-ar'
AS='arm-none-eabi-as'
BUILD_CRT0_FALSE='#'
BUILD_CRT0_TRUE=''
CC='arm-none-eabi-gcc -B/sources/newlib/newlib-1.18.0/arm-none-eabi/armv7-ar/thumb/newlib/ -isystem /sources/newlib/newlib-1.18.0/arm-none-eabi/armv7-ar/thumb/newlib/targ-include -isystem /sources/newlib/newlib-1.18.0/newlib/libc/include -B/sources/newlib/newlib-1.18.0/arm-none-eabi/armv7-ar/thumb/libgloss/arm -L/sources/newlib/newlib-1.18.0/arm-none-eabi/armv7-ar/thumb/libgloss/libnosys -L/sources/newlib/newlib-1.18.0/libgloss/arm  -mthumb -march=armv7'
CCAS='arm-none-eabi-gcc -B/sources/newlib/newlib-1.18.0/arm-none-eabi/armv7-ar/thumb/newlib/ -isystem /sources/newlib/newlib-1.18.0/arm-none-eabi/armv7-ar/thumb/newlib/targ-include -isystem /sources/newlib/newlib-1.18.0/newlib/libc/include -B/sources/newlib/newlib-1.18.0/arm-none-eabi/armv7-ar/thumb/libgloss/arm -L/sources/newlib/newlib-1.18.0/arm-none-eabi/armv7-ar/thumb/libgloss/libnosys -L/sources/newlib/newlib-1.18.0/libgloss/arm  -mthumb -march=armv7'
CCASFLAGS=''
CCDEPMODE='depmode=gcc3'
DEFS='-DPACKAGE_NAME=\"\" -DPACKAGE_TARNAME=\"\" -DPACKAGE_VERSION=\"\" -DPACKAGE_STRING=\"\" -DPACKAGE_BUGREPORT=\"\"'
DEPDIR='.deps'
ECHO_C=''
ECHO_N='-n'
ECHO_T=''
INSTALL_DATA='/usr/bin/install -c -m 644'
INSTALL_PROGRAM='/usr/bin/install -c'
INSTALL_SCRIPT='/usr/bin/install -c'
LD='arm-none-eabi-ld'
LIBOBJS=''
LIBS=''
LTLIBOBJS=''
PACKAGE_BUGREPORT=''
PACKAGE_NAME=''
PACKAGE_STRING=''
PACKAGE_TARNAME=''
PACKAGE_VERSION=''
PATH_SEPARATOR=':'
RANLIB='arm-none-eabi-ranlib'
SHELL='/bin/sh'
am__fastdepCC_FALSE='#'
am__fastdepCC_TRUE=''
am__include='include'
am__leading_dot='.'
am__quote=''
bindir='${exec_prefix}/bin'
build='x86_64-unknown-linux-gnu'
build_alias='x86_64-unknown-linux-gnu'
build_cpu='x86_64'
build_os='linux-gnu'
build_vendor='unknown'
datadir='${datarootdir}'
datarootdir='${prefix}/share'
docdir='${datarootdir}/doc/${PACKAGE}'
dvidir='${docdir}'
exec_prefix='${prefix}'
host='arm-none-eabi'
host_alias='arm-none-eabi'
host_cpu='arm'
host_makefile_frag_path='../../../../.././libgloss/arm/../config/default.mh'
host_os='eabi'
host_vendor='none'
htmldir='${docdir}'
includedir='${prefix}/include'
infodir='${datarootdir}/info'
libdir='${exec_prefix}/lib'
libexecdir='${exec_prefix}/libexec'
localedir='${datarootdir}/locale'
localstatedir='${prefix}/var'
mandir='${datarootdir}/man'
objtype='elf-'
oldincludedir='/usr/include'
pdfdir='${docdir}'
prefix='/usr/local'
program_transform_name='s&^&arm-none-eabi-&'
psdir='${docdir}'
sbindir='${exec_prefix}/sbin'
sharedstatedir='${prefix}/com'
sysconfdir='${prefix}/etc'
target='arm-none-eabi'
target_alias='arm-none-eabi'
target_cpu='arm'
target_os='eabi'
target_vendor='none'

## ------------------- ##
## File substitutions. ##
## ------------------- ##

host_makefile_frag='../../../../.././libgloss/arm/../config/default.mh'

## ----------- ##
## confdefs.h. ##
## ----------- ##

#define PACKAGE_NAME ""
#define PACKAGE_TARNAME ""
#define PACKAGE_VERSION ""
#define PACKAGE_STRING ""
#define PACKAGE_BUGREPORT ""

configure: exit 0
