This file contains any messages produced by compilers while
running configure, to aid debugging if configure makes a mistake.

It was created by libgloss configure LIBGLOSS_VERSION, which was
generated by GNU Autoconf 2.63.  Invocation command line was

  $ ../../.././libgloss/configure --with-multisubdir=thumb --with-multisrctop= --enable-multilib --cache-file=./config.cache --with-newlib --enable-multilib --with-cross-host=x86_64-unknown-linux-gnu --disable-newlib-supplied-syscalls --program-transform-name=s&^&arm-none-eabi-& --disable-option-checking --with-target-subdir=arm-none-eabi --build=x86_64-unknown-linux-gnu --host=arm-none-eabi --target=arm-none-eabi --srcdir=../.././libgloss build_alias=x86_64-unknown-linux-gnu host_alias=arm-none-eabi target_alias=arm-none-eabi CC=arm-none-eabi-gcc -B/sources/newlib/newlib-1.18.0/arm-none-eabi/thumb/newlib/ -isystem /sources/newlib/newlib-1.18.0/arm-none-eabi/thumb/newlib/targ-include -isystem /sources/newlib/newlib-1.18.0/newlib/libc/include -B/sources/newlib/newlib-1.18.0/arm-none-eabi/thumb/libgloss/arm -L/sources/newlib/newlib-1.18.0/arm-none-eabi/thumb/libgloss/libnosys -L/sources/newlib/newlib-1.18.0/libgloss/arm  -mthumb CXX=arm-none-eabi-c++ -B/sources/newlib/newlib-1.18.0/arm-none-eabi/thumb/newlib/ -isystem /sources/newlib/newlib-1.18.0/arm-none-eabi/thumb/newlib/targ-include -isystem /sources/newlib/newlib-1.18.0/newlib/libc/include -B/sources/newlib/newlib-1.18.0/arm-none-eabi/thumb/libgloss/arm -L/sources/newlib/newlib-1.18.0/arm-none-eabi/thumb/libgloss/libnosys -L/sources/newlib/newlib-1.18.0/libgloss/arm  -mthumb F77= -mthumb GCJ=arm-none-eabi-gcj -B/sources/newlib/newlib-1.18.0/arm-none-eabi/thumb/newlib/ -isystem /sources/newlib/newlib-1.18.0/arm-none-eabi/thumb/newlib/targ-include -isystem /sources/newlib/newlib-1.18.0/newlib/libc/include -B/sources/newlib/newlib-1.18.0/arm-none-eabi/thumb/libgloss/arm -L/sources/newlib/newlib-1.18.0/arm-none-eabi/thumb/libgloss/libnosys -L/sources/newlib/newlib-1.18.0/libgloss/arm  -mthumb GFORTRAN=arm-none-eabi-gfortran -B/sources/newlib/newlib-1.18.0/arm-none-eabi/thumb/newlib/ -isystem /sources/newlib/newlib-1.18.0/arm-none-eabi/thumb/newlib/targ-include -isystem /sources/newlib/newlib-1.18.0/newlib/libc/include -B/sources/newlib/newlib-1.18.0/arm-none-eabi/thumb/libgloss/arm -L/sources/newlib/newlib-1.18.0/arm-none-eabi/thumb/libgloss/libnosys -L/sources/newlib/newlib-1.18.0/libgloss/arm  -mthumb LD_LIBRARY_PATH=/root/GNUstep/Library/Libraries:/usr/lib:/opt/opencascade/lib -srcdir=../../.././libgloss

## --------- ##
## Platform. ##
## --------- ##

hostname = terminal
uname -m = x86_64
uname -r = 4.7.4-1-ARCH
uname -s = Linux
uname -v = #1 SMP PREEMPT Thu Sep 15 15:24:29 CEST 2016

/usr/bin/uname -p = unknown
/bin/uname -X     = unknown

/bin/arch              = unknown
/usr/bin/arch -k       = unknown
/usr/convex/getsysinfo = unknown
/usr/bin/hostinfo      = unknown
/bin/machine           = unknown
/usr/bin/oslevel       = unknown
/bin/universe          = unknown

PATH: /usr/lib/hardening-wrapper/bin
PATH: /root/GNUstep/Tools
PATH: /usr/local/bin
PATH: /usr/bin
PATH: /bin
PATH: /usr/local/sbin
PATH: /usr/sbin
PATH: /sbin
PATH: /opt/android-sdk/platform-tools
PATH: /usr/lib/emscripten
PATH: /usr/lib/jvm/default/bin
PATH: /opt/opencascade/bin
PATH: /usr/bin/site_perl
PATH: /usr/bin/vendor_perl
PATH: /usr/bin/core_perl
PATH: /usr/lib/qt4/bin
PATH: /usr/local/bin
PATH: /usr/bin
PATH: /bin
PATH: /usr/local/sbin
PATH: /usr/sbin
PATH: /sbin
PATH: /usr/bin/core_perl
PATH: /usr/lib/qt4/bin


## ----------- ##
## Core tests. ##
## ----------- ##

configure:1724: creating cache ./config.cache
configure:1881: checking for a BSD-compatible install
configure:1949: result: /usr/bin/install -c
configure:1967: checking build system type
configure:1985: result: x86_64-unknown-linux-gnu
configure:2007: checking host system type
configure:2022: result: arm-none-eabi
configure:2044: checking target system type
configure:2059: result: arm-none-eabi
configure:2088: checking whether build environment is sane
configure:2131: result: yes
configure:2193: checking for gawk
configure:2220: result: gawk
configure:2231: checking whether make sets $(MAKE)
configure:2253: result: yes
configure:2320: checking for arm-none-eabi-strip
configure:2347: result: arm-none-eabi-strip
configure:2583: checking for style of include used by make
configure:2611: result: GNU
configure:2638: checking for gcc
configure:2665: result: arm-none-eabi-gcc -B/sources/newlib/newlib-1.18.0/arm-none-eabi/thumb/newlib/ -isystem /sources/newlib/newlib-1.18.0/arm-none-eabi/thumb/newlib/targ-include -isystem /sources/newlib/newlib-1.18.0/newlib/libc/include -B/sources/newlib/newlib-1.18.0/arm-none-eabi/thumb/libgloss/arm -L/sources/newlib/newlib-1.18.0/arm-none-eabi/thumb/libgloss/libnosys -L/sources/newlib/newlib-1.18.0/libgloss/arm  -mthumb
configure:2676: checking dependency style of arm-none-eabi-gcc -B/sources/newlib/newlib-1.18.0/arm-none-eabi/thumb/newlib/ -isystem /sources/newlib/newlib-1.18.0/arm-none-eabi/thumb/newlib/targ-include -isystem /sources/newlib/newlib-1.18.0/newlib/libc/include -B/sources/newlib/newlib-1.18.0/arm-none-eabi/thumb/libgloss/arm -L/sources/newlib/newlib-1.18.0/arm-none-eabi/thumb/libgloss/libnosys -L/sources/newlib/newlib-1.18.0/libgloss/arm  -mthumb
configure:2766: result: gcc3
configure:2843: checking whether we are using GNU C
configure:2854: arm-none-eabi-gcc -B/sources/newlib/newlib-1.18.0/arm-none-eabi/thumb/newlib/ -isystem /sources/newlib/newlib-1.18.0/arm-none-eabi/thumb/newlib/targ-include -isystem /sources/newlib/newlib-1.18.0/newlib/libc/include -B/sources/newlib/newlib-1.18.0/arm-none-eabi/thumb/libgloss/arm -L/sources/newlib/newlib-1.18.0/arm-none-eabi/thumb/libgloss/libnosys -L/sources/newlib/newlib-1.18.0/libgloss/arm  -mthumb -E conftest.c
configure:2857: $? = 0
configure:2864: result: yes
configure:2874: checking whether arm-none-eabi-gcc -B/sources/newlib/newlib-1.18.0/arm-none-eabi/thumb/newlib/ -isystem /sources/newlib/newlib-1.18.0/arm-none-eabi/thumb/newlib/targ-include -isystem /sources/newlib/newlib-1.18.0/newlib/libc/include -B/sources/newlib/newlib-1.18.0/arm-none-eabi/thumb/libgloss/arm -L/sources/newlib/newlib-1.18.0/arm-none-eabi/thumb/libgloss/libnosys -L/sources/newlib/newlib-1.18.0/libgloss/arm  -mthumb accepts -g
configure:2904: arm-none-eabi-gcc -B/sources/newlib/newlib-1.18.0/arm-none-eabi/thumb/newlib/ -isystem /sources/newlib/newlib-1.18.0/arm-none-eabi/thumb/newlib/targ-include -isystem /sources/newlib/newlib-1.18.0/newlib/libc/include -B/sources/newlib/newlib-1.18.0/arm-none-eabi/thumb/libgloss/arm -L/sources/newlib/newlib-1.18.0/arm-none-eabi/thumb/libgloss/libnosys -L/sources/newlib/newlib-1.18.0/libgloss/arm  -mthumb -c -g  conftest.c >&5
configure:2911: $? = 0
configure: failed program was:
| /* confdefs.h.  */
| #define PACKAGE_NAME "libgloss"
| #define PACKAGE_TARNAME "libgloss"
| #define PACKAGE_VERSION "LIBGLOSS_VERSION"
| #define PACKAGE_STRING "libgloss LIBGLOSS_VERSION"
| #define PACKAGE_BUGREPORT ""
| /* end confdefs.h.  */
| 
| int
| main ()
| {
| 
|   ;
|   return 0;
| }
configure:2943: arm-none-eabi-gcc -B/sources/newlib/newlib-1.18.0/arm-none-eabi/thumb/newlib/ -isystem /sources/newlib/newlib-1.18.0/arm-none-eabi/thumb/newlib/targ-include -isystem /sources/newlib/newlib-1.18.0/newlib/libc/include -B/sources/newlib/newlib-1.18.0/arm-none-eabi/thumb/libgloss/arm -L/sources/newlib/newlib-1.18.0/arm-none-eabi/thumb/libgloss/libnosys -L/sources/newlib/newlib-1.18.0/libgloss/arm  -mthumb -c   conftest.c >&5
configure:2950: $? = 0
configure: failed program was:
| /* confdefs.h.  */
| #define PACKAGE_NAME "libgloss"
| #define PACKAGE_TARNAME "libgloss"
| #define PACKAGE_VERSION "LIBGLOSS_VERSION"
| #define PACKAGE_STRING "libgloss LIBGLOSS_VERSION"
| #define PACKAGE_BUGREPORT ""
| /* end confdefs.h.  */
| 
| int
| main ()
| {
| 
|   ;
|   return 0;
| }
configure:2983: arm-none-eabi-gcc -B/sources/newlib/newlib-1.18.0/arm-none-eabi/thumb/newlib/ -isystem /sources/newlib/newlib-1.18.0/arm-none-eabi/thumb/newlib/targ-include -isystem /sources/newlib/newlib-1.18.0/newlib/libc/include -B/sources/newlib/newlib-1.18.0/arm-none-eabi/thumb/libgloss/arm -L/sources/newlib/newlib-1.18.0/arm-none-eabi/thumb/libgloss/libnosys -L/sources/newlib/newlib-1.18.0/libgloss/arm  -mthumb -c -g  conftest.c >&5
configure:2990: $? = 0
configure: failed program was:
| /* confdefs.h.  */
| #define PACKAGE_NAME "libgloss"
| #define PACKAGE_TARNAME "libgloss"
| #define PACKAGE_VERSION "LIBGLOSS_VERSION"
| #define PACKAGE_STRING "libgloss LIBGLOSS_VERSION"
| #define PACKAGE_BUGREPORT ""
| /* end confdefs.h.  */
| 
| int
| main ()
| {
| 
|   ;
|   return 0;
| }
configure:3012: result: no
configure:3045: checking for ar
configure:3073: result: arm-none-eabi-ar
configure:3088: checking for arm-none-eabi-ranlib
configure:3115: result: arm-none-eabi-ranlib
configure:3265: updating cache ./config.cache
configure:3352: creating ./config.status

## ---------------------- ##
## Running config.status. ##
## ---------------------- ##

This file was extended by libgloss config.status LIBGLOSS_VERSION, which was
generated by GNU Autoconf 2.63.  Invocation command line was

  CONFIG_FILES    = 
  CONFIG_HEADERS  = 
  CONFIG_LINKS    = 
  CONFIG_COMMANDS = 
  $ ./config.status 

on terminal

config.status:737: creating Makefile
config.status:940: executing depfiles commands
configure:4591: === configuring in arm (/sources/newlib/newlib-1.18.0/arm-none-eabi/thumb/libgloss/arm)
configure:4694: running /bin/sh ../../../.././libgloss/arm/configure --disable-option-checking '--prefix=/usr/local'  '--with-multisubdir=thumb' '--with-multisrctop=' '--with-newlib' '--enable-multilib' '--with-cross-host=x86_64-unknown-linux-gnu' '--disable-newlib-supplied-syscalls' '--program-transform-name=s&^&arm-none-eabi-&' '--with-target-subdir=arm-none-eabi' '--build=x86_64-unknown-linux-gnu' '--host=arm-none-eabi' '--target=arm-none-eabi' 'build_alias=x86_64-unknown-linux-gnu' 'host_alias=arm-none-eabi' 'target_alias=arm-none-eabi' 'CC=arm-none-eabi-gcc -B/sources/newlib/newlib-1.18.0/arm-none-eabi/thumb/newlib/ -isystem /sources/newlib/newlib-1.18.0/arm-none-eabi/thumb/newlib/targ-include -isystem /sources/newlib/newlib-1.18.0/newlib/libc/include -B/sources/newlib/newlib-1.18.0/arm-none-eabi/thumb/libgloss/arm -L/sources/newlib/newlib-1.18.0/arm-none-eabi/thumb/libgloss/libnosys -L/sources/newlib/newlib-1.18.0/libgloss/arm  -mthumb' 'CXX=arm-none-eabi-c++ -B/sources/newlib/newlib-1.18.0/arm-none-eabi/thumb/newlib/ -isystem /sources/newlib/newlib-1.18.0/arm-none-eabi/thumb/newlib/targ-include -isystem /sources/newlib/newlib-1.18.0/newlib/libc/include -B/sources/newlib/newlib-1.18.0/arm-none-eabi/thumb/libgloss/arm -L/sources/newlib/newlib-1.18.0/arm-none-eabi/thumb/libgloss/libnosys -L/sources/newlib/newlib-1.18.0/libgloss/arm  -mthumb' 'F77= -mthumb' 'GCJ=arm-none-eabi-gcj -B/sources/newlib/newlib-1.18.0/arm-none-eabi/thumb/newlib/ -isystem /sources/newlib/newlib-1.18.0/arm-none-eabi/thumb/newlib/targ-include -isystem /sources/newlib/newlib-1.18.0/newlib/libc/include -B/sources/newlib/newlib-1.18.0/arm-none-eabi/thumb/libgloss/arm -L/sources/newlib/newlib-1.18.0/arm-none-eabi/thumb/libgloss/libnosys -L/sources/newlib/newlib-1.18.0/libgloss/arm  -mthumb' 'GFORTRAN=arm-none-eabi-gfortran -B/sources/newlib/newlib-1.18.0/arm-none-eabi/thumb/newlib/ -isystem /sources/newlib/newlib-1.18.0/arm-none-eabi/thumb/newlib/targ-include -isystem /sources/newlib/newlib-1.18.0/newlib/libc/include -B/sources/newlib/newlib-1.18.0/arm-none-eabi/thumb/libgloss/arm -L/sources/newlib/newlib-1.18.0/arm-none-eabi/thumb/libgloss/libnosys -L/sources/newlib/newlib-1.18.0/libgloss/arm  -mthumb' 'LD_LIBRARY_PATH=/root/GNUstep/Library/Libraries:/usr/lib:/opt/opencascade/lib' --cache-file=.././config.cache --srcdir=../../../.././libgloss/arm
configure:4591: === configuring in libnosys (/sources/newlib/newlib-1.18.0/arm-none-eabi/thumb/libgloss/libnosys)
configure:4694: running /bin/sh ../../../.././libgloss/libnosys/configure --disable-option-checking '--prefix=/usr/local'  '--with-multisubdir=thumb' '--with-multisrctop=' '--with-newlib' '--enable-multilib' '--with-cross-host=x86_64-unknown-linux-gnu' '--disable-newlib-supplied-syscalls' '--program-transform-name=s&^&arm-none-eabi-&' '--with-target-subdir=arm-none-eabi' '--build=x86_64-unknown-linux-gnu' '--host=arm-none-eabi' '--target=arm-none-eabi' 'build_alias=x86_64-unknown-linux-gnu' 'host_alias=arm-none-eabi' 'target_alias=arm-none-eabi' 'CC=arm-none-eabi-gcc -B/sources/newlib/newlib-1.18.0/arm-none-eabi/thumb/newlib/ -isystem /sources/newlib/newlib-1.18.0/arm-none-eabi/thumb/newlib/targ-include -isystem /sources/newlib/newlib-1.18.0/newlib/libc/include -B/sources/newlib/newlib-1.18.0/arm-none-eabi/thumb/libgloss/arm -L/sources/newlib/newlib-1.18.0/arm-none-eabi/thumb/libgloss/libnosys -L/sources/newlib/newlib-1.18.0/libgloss/arm  -mthumb' 'CXX=arm-none-eabi-c++ -B/sources/newlib/newlib-1.18.0/arm-none-eabi/thumb/newlib/ -isystem /sources/newlib/newlib-1.18.0/arm-none-eabi/thumb/newlib/targ-include -isystem /sources/newlib/newlib-1.18.0/newlib/libc/include -B/sources/newlib/newlib-1.18.0/arm-none-eabi/thumb/libgloss/arm -L/sources/newlib/newlib-1.18.0/arm-none-eabi/thumb/libgloss/libnosys -L/sources/newlib/newlib-1.18.0/libgloss/arm  -mthumb' 'F77= -mthumb' 'GCJ=arm-none-eabi-gcj -B/sources/newlib/newlib-1.18.0/arm-none-eabi/thumb/newlib/ -isystem /sources/newlib/newlib-1.18.0/arm-none-eabi/thumb/newlib/targ-include -isystem /sources/newlib/newlib-1.18.0/newlib/libc/include -B/sources/newlib/newlib-1.18.0/arm-none-eabi/thumb/libgloss/arm -L/sources/newlib/newlib-1.18.0/arm-none-eabi/thumb/libgloss/libnosys -L/sources/newlib/newlib-1.18.0/libgloss/arm  -mthumb' 'GFORTRAN=arm-none-eabi-gfortran -B/sources/newlib/newlib-1.18.0/arm-none-eabi/thumb/newlib/ -isystem /sources/newlib/newlib-1.18.0/arm-none-eabi/thumb/newlib/targ-include -isystem /sources/newlib/newlib-1.18.0/newlib/libc/include -B/sources/newlib/newlib-1.18.0/arm-none-eabi/thumb/libgloss/arm -L/sources/newlib/newlib-1.18.0/arm-none-eabi/thumb/libgloss/libnosys -L/sources/newlib/newlib-1.18.0/libgloss/arm  -mthumb' 'LD_LIBRARY_PATH=/root/GNUstep/Library/Libraries:/usr/lib:/opt/opencascade/lib' --cache-file=.././config.cache --srcdir=../../../.././libgloss/libnosys

## ---------------- ##
## Cache variables. ##
## ---------------- ##

ac_cv_build=x86_64-unknown-linux-gnu
ac_cv_c_compiler_gnu=yes
ac_cv_env_CCASFLAGS_set=
ac_cv_env_CCASFLAGS_value=
ac_cv_env_CCAS_set=
ac_cv_env_CCAS_value=
ac_cv_env_build_alias_set=set
ac_cv_env_build_alias_value=x86_64-unknown-linux-gnu
ac_cv_env_host_alias_set=set
ac_cv_env_host_alias_value=arm-none-eabi
ac_cv_env_target_alias_set=set
ac_cv_env_target_alias_value=arm-none-eabi
ac_cv_host=arm-none-eabi
ac_cv_prog_AR=arm-none-eabi-ar
ac_cv_prog_AWK=gawk
ac_cv_prog_CC='arm-none-eabi-gcc -B/sources/newlib/newlib-1.18.0/arm-none-eabi/thumb/newlib/ -isystem /sources/newlib/newlib-1.18.0/arm-none-eabi/thumb/newlib/targ-include -isystem /sources/newlib/newlib-1.18.0/newlib/libc/include -B/sources/newlib/newlib-1.18.0/arm-none-eabi/thumb/libgloss/arm -L/sources/newlib/newlib-1.18.0/arm-none-eabi/thumb/libgloss/libnosys -L/sources/newlib/newlib-1.18.0/libgloss/arm  -mthumb'
ac_cv_prog_RANLIB=arm-none-eabi-ranlib
ac_cv_prog_STRIP=arm-none-eabi-strip
ac_cv_prog_cc_g=no
ac_cv_prog_make_make_set=yes
ac_cv_target=arm-none-eabi
am_cv_CC_dependencies_compiler_type=gcc3

## ----------------- ##
## Output variables. ##
## ----------------- ##

ACLOCAL='${SHELL} /sources/newlib/newlib-1.18.0/missing --run aclocal-1.9'
AMDEPBACKSLASH='\'
AMDEP_FALSE='#'
AMDEP_TRUE=''
AMTAR='${SHELL} /sources/newlib/newlib-1.18.0/missing --run tar'
AR='arm-none-eabi-ar'
AS='arm-none-eabi-as'
AUTOCONF='${SHELL} /sources/newlib/newlib-1.18.0/missing --run autoconf'
AUTOHEADER='${SHELL} /sources/newlib/newlib-1.18.0/missing --run autoheader'
AUTOMAKE='${SHELL} /sources/newlib/newlib-1.18.0/missing --run automake-1.9'
AWK='gawk'
CC='arm-none-eabi-gcc -B/sources/newlib/newlib-1.18.0/arm-none-eabi/thumb/newlib/ -isystem /sources/newlib/newlib-1.18.0/arm-none-eabi/thumb/newlib/targ-include -isystem /sources/newlib/newlib-1.18.0/newlib/libc/include -B/sources/newlib/newlib-1.18.0/arm-none-eabi/thumb/libgloss/arm -L/sources/newlib/newlib-1.18.0/arm-none-eabi/thumb/libgloss/libnosys -L/sources/newlib/newlib-1.18.0/libgloss/arm  -mthumb'
CCAS='arm-none-eabi-gcc -B/sources/newlib/newlib-1.18.0/arm-none-eabi/thumb/newlib/ -isystem /sources/newlib/newlib-1.18.0/arm-none-eabi/thumb/newlib/targ-include -isystem /sources/newlib/newlib-1.18.0/newlib/libc/include -B/sources/newlib/newlib-1.18.0/arm-none-eabi/thumb/libgloss/arm -L/sources/newlib/newlib-1.18.0/arm-none-eabi/thumb/libgloss/libnosys -L/sources/newlib/newlib-1.18.0/libgloss/arm  -mthumb'
CCASFLAGS=''
CCDEPMODE='depmode=gcc3'
CYGPATH_W='echo'
DEFS='-DPACKAGE_NAME=\"libgloss\" -DPACKAGE_TARNAME=\"libgloss\" -DPACKAGE_VERSION=\"LIBGLOSS_VERSION\" -DPACKAGE_STRING=\"libgloss\ LIBGLOSS_VERSION\" -DPACKAGE_BUGREPORT=\"\"'
DEPDIR='.deps'
ECHO_C=''
ECHO_N='-n'
ECHO_T=''
INSTALL_DATA='/usr/bin/install -c -m 644'
INSTALL_PROGRAM='/usr/bin/install -c'
INSTALL_SCRIPT='/usr/bin/install -c'
INSTALL_STRIP_PROGRAM='${SHELL} $(install_sh) -c -s'
LD='arm-none-eabi-ld'
LIBOBJS=''
LIBS=''
LTLIBOBJS=''
MAKEINFO='makeinfo --split-size=5000000'
PACKAGE='libgloss'
PACKAGE_BUGREPORT=''
PACKAGE_NAME='libgloss'
PACKAGE_STRING='libgloss LIBGLOSS_VERSION'
PACKAGE_TARNAME='libgloss'
PACKAGE_VERSION='LIBGLOSS_VERSION'
PATH_SEPARATOR=':'
RANLIB='arm-none-eabi-ranlib'
SET_MAKE=''
SHELL='/bin/sh'
STRIP='arm-none-eabi-strip'
VERSION='LIBGLOSS_VERSION'
am__fastdepCC_FALSE='#'
am__fastdepCC_TRUE=''
am__include='include'
am__leading_dot='.'
am__quote=''
am__tar='${AMTAR} chof - "$$tardir"'
am__untar='${AMTAR} xf -'
bindir='${exec_prefix}/bin'
build='x86_64-unknown-linux-gnu'
build_alias='x86_64-unknown-linux-gnu'
build_cpu='x86_64'
build_os='linux-gnu'
build_vendor='unknown'
datadir='${datarootdir}'
datarootdir='${prefix}/share'
docdir='${datarootdir}/doc/${PACKAGE_TARNAME}'
dvidir='${docdir}'
exec_prefix='${prefix}'
host='arm-none-eabi'
host_alias='arm-none-eabi'
host_cpu='arm'
host_makefile_frag_path='../../.././libgloss/config/default.mh'
host_os='eabi'
host_vendor='none'
htmldir='${docdir}'
includedir='${prefix}/include'
infodir='${datarootdir}/info'
install_sh='/sources/newlib/newlib-1.18.0/install-sh'
libdir='${exec_prefix}/lib'
libexecdir='${exec_prefix}/libexec'
localedir='${datarootdir}/locale'
localstatedir='${prefix}/var'
mandir='${datarootdir}/man'
mkdir_p='mkdir -p --'
oldincludedir='/usr/include'
pdfdir='${docdir}'
prefix='/usr/local'
program_transform_name='s&^&arm-none-eabi-&'
psdir='${docdir}'
sbindir='${exec_prefix}/sbin'
sharedstatedir='${prefix}/com'
subdirs=' arm libnosys'
sysconfdir='${prefix}/etc'
target='arm-none-eabi'
target_alias='arm-none-eabi'
target_cpu='arm'
target_os='eabi'
target_vendor='none'

## ------------------- ##
## File substitutions. ##
## ------------------- ##

host_makefile_frag='../../.././libgloss/config/default.mh'

## ----------- ##
## confdefs.h. ##
## ----------- ##

#define PACKAGE_NAME "libgloss"
#define PACKAGE_TARNAME "libgloss"
#define PACKAGE_VERSION "LIBGLOSS_VERSION"
#define PACKAGE_STRING "libgloss LIBGLOSS_VERSION"
#define PACKAGE_BUGREPORT ""

configure: exit 0
